0 info it worked if it ends with ok
1 verbose cli [ '/usr/local/bin/node',
1 verbose cli   '/usr/local/bin/npm',
1 verbose cli   'run',
1 verbose cli   'webpack-dev-server' ]
2 info using npm@3.7.2
3 info using node@v5.6.0
4 verbose run-script [ 'prewebpack-dev-server',
4 verbose run-script   'webpack-dev-server',
4 verbose run-script   'postwebpack-dev-server' ]
5 info lifecycle yasp-ui@1.0.0~prewebpack-dev-server: yasp-ui@1.0.0
6 silly lifecycle yasp-ui@1.0.0~prewebpack-dev-server: no script for prewebpack-dev-server, continuing
7 info lifecycle yasp-ui@1.0.0~webpack-dev-server: yasp-ui@1.0.0
8 verbose lifecycle yasp-ui@1.0.0~webpack-dev-server: unsafe-perm in lifecycle true
9 verbose lifecycle yasp-ui@1.0.0~webpack-dev-server: PATH: /usr/local/lib/node_modules/npm/bin/node-gyp-bin:/Users/mr96763/projects/react/pers/yasp-ui/node_modules/.bin:/usr/local/bin:/usr/local/bin:/usr/bin:/bin:/usr/sbin:/sbin
10 verbose lifecycle yasp-ui@1.0.0~webpack-dev-server: CWD: /Users/mr96763/projects/react/pers/yasp-ui
11 silly lifecycle yasp-ui@1.0.0~webpack-dev-server: Args: [ '-c', 'webpack-dev-server' ]
12 silly lifecycle yasp-ui@1.0.0~webpack-dev-server: Returned: code: 1  signal: null
13 info lifecycle yasp-ui@1.0.0~webpack-dev-server: Failed to exec webpack-dev-server script
14 verbose stack Error: yasp-ui@1.0.0 webpack-dev-server: `webpack-dev-server`
14 verbose stack Exit status 1
14 verbose stack     at EventEmitter.<anonymous> (/usr/local/lib/node_modules/npm/lib/utils/lifecycle.js:239:16)
14 verbose stack     at emitTwo (events.js:100:13)
14 verbose stack     at EventEmitter.emit (events.js:185:7)
14 verbose stack     at ChildProcess.<anonymous> (/usr/local/lib/node_modules/npm/lib/utils/spawn.js:24:14)
14 verbose stack     at emitTwo (events.js:100:13)
14 verbose stack     at ChildProcess.emit (events.js:185:7)
14 verbose stack     at maybeClose (internal/child_process.js:827:16)
14 verbose stack     at Process.ChildProcess._handle.onexit (internal/child_process.js:211:5)
15 verbose pkgid yasp-ui@1.0.0
16 verbose cwd /Users/mr96763/projects/react/pers/yasp-ui
17 error Darwin 14.5.0
18 error argv "/usr/local/bin/node" "/usr/local/bin/npm" "run" "webpack-dev-server"
19 error node v5.6.0
20 error npm  v3.7.2
21 error code ELIFECYCLE
22 error yasp-ui@1.0.0 webpack-dev-server: `webpack-dev-server`
22 error Exit status 1
23 error Failed at the yasp-ui@1.0.0 webpack-dev-server script 'webpack-dev-server'.
23 error Make sure you have the latest version of node.js and npm installed.
23 error If you do, this is most likely a problem with the yasp-ui package,
23 error not with npm itself.
23 error Tell the author that this fails on your system:
23 error     webpack-dev-server
23 error You can get information on how to open an issue for this project with:
23 error     npm bugs yasp-ui
23 error Or if that isn't available, you can get their info via:
23 error     npm owner ls yasp-ui
23 error There is likely additional logging output above.
24 verbose exit [ 1, true ]
